<?xml version="1.0" encoding="UTF-8"?>
<!-- Generated by org.testng.reporters.JUnitReportReporter -->
<testsuite hostname="Harry865" failures="0" tests="1" name="com.hrms.testscripts.Tc001" time="7.733" errors="0" timestamp="27 May 2024 10:56:07 GMT">
  <testcase classname="com.hrms.testscripts.Tc001" name="tc001" time="7.733"/>
</testsuite> <!-- com.hrms.testscripts.Tc001 -->
