<?xml version="1.0" encoding="UTF-8"?>
<!-- Generated by org.testng.reporters.JUnitReportReporter -->
<testsuite hostname="Harry865" failures="0" tests="1" name="com.hrms.scripts.Tc006" time="15.722" errors="0" timestamp="26 Apr 2024 13:47:54 GMT">
  <testcase classname="com.hrms.scripts.Tc006" name="tc006" time="15.722"/>
</testsuite> <!-- com.hrms.scripts.Tc006 -->
