<?xml version="1.0" encoding="UTF-8"?>
<!-- Generated by org.testng.reporters.JUnitReportReporter -->
<testsuite hostname="Harry865" failures="0" tests="1" name="com.hrms.scripts.Tc005" time="15.468" errors="0" timestamp="16 Apr 2024 14:21:49 GMT">
  <testcase classname="com.hrms.scripts.Tc005" name="tc005" time="15.468"/>
</testsuite> <!-- com.hrms.scripts.Tc005 -->
